# JRE version: OpenJDK Runtime Environment (15.0.2+7) (build 15.0.2+7-27)
# Java VM: OpenJDK 64-Bit Server VM (15.0.2+7-27, mixed mode, tiered, compressed oops, g1 gc, windows-amd64)
GC Precious Log:
 CPUs: 8 total, 8 available
 Memory: 7995M
 Large Page Support: Disabled
 NUMA Support: Disabled
 Compressed Oops: Enabled (32-bit)
 Heap Region Size: 1M
 Heap Min Capacity: 8M
 Heap Initial Capacity: 126M
 Heap Max Capacity: 2000M
 Pre-touch: Disabled
 Parallel Workers: 8
 Concurrent Workers: 2
 Concurrent Refinement Workers: 8
 Periodic GC: Disabled
Heap:
 garbage-first heap   total 505856K, used 109623K [0x0000000083000000, 0x0000000100000000)
  region size 1024K, 1 young (1024K), 1 survivors (1024K)
 Metaspace       used 104640K, capacity 106186K, committed 106416K, reserved 1142784K
  class space    used 13478K, capacity 14004K, committed 14080K, reserved 1048576K
GC Heap History (20 events):
Event: 6175.390 GC heap after
{Heap after GC invocations=162 (full 0):
 garbage-first heap   total 252928K, used 109784K [0x0000000083000000, 0x0000000100000000)
  region size 1024K, 1 young (1024K), 1 survivors (1024K)
 Metaspace       used 104639K, capacity 106186K, committed 106416K, reserved 1142784K
  class space    used 13478K, capacity 14004K, committed 14080K, reserved 1048576K
}
Event: 6315.685 GC heap before
{Heap before GC invocations=162 (full 0):
 garbage-first heap   total 252928K, used 225496K [0x0000000083000000, 0x0000000100000000)
  region size 1024K, 114 young (116736K), 1 survivors (1024K)
 Metaspace       used 104639K, capacity 106186K, committed 106416K, reserved 1142784K
  class space    used 13478K, capacity 14004K, committed 14080K, reserved 1048576K
}
Event: 6315.691 GC heap after
{Heap after GC invocations=163 (full 0):
 garbage-first heap   total 252928K, used 109802K [0x0000000083000000, 0x0000000100000000)
  region size 1024K, 1 young (1024K), 1 survivors (1024K)
 Metaspace       used 104639K, capacity 106186K, committed 106416K, reserved 1142784K
  class space    used 13478K, capacity 14004K, committed 14080K, reserved 1048576K
}
Event: 6452.947 GC heap before
{Heap before GC invocations=163 (full 0):
 garbage-first heap   total 252928K, used 225514K [0x0000000083000000, 0x0000000100000000)
  region size 1024K, 114 young (116736K), 1 survivors (1024K)
 Metaspace       used 104639K, capacity 106186K, committed 106416K, reserved 1142784K
  class space    used 13478K, capacity 14004K, committed 14080K, reserved 1048576K
}
Event: 6452.951 GC heap after
{Heap after GC invocations=164 (full 0):
 garbage-first heap   total 252928K, used 109747K [0x0000000083000000, 0x0000000100000000)
  region size 1024K, 1 young (1024K), 1 survivors (1024K)
 Metaspace       used 104639K, capacity 106186K, committed 106416K, reserved 1142784K
  class space    used 13478K, capacity 14004K, committed 14080K, reserved 1048576K
}
Event: 6584.252 GC heap before
{Heap before GC invocations=164 (full 0):
 garbage-first heap   total 252928K, used 225459K [0x0000000083000000, 0x0000000100000000)
  region size 1024K, 114 young (116736K), 1 survivors (1024K)
 Metaspace       used 104639K, capacity 106186K, committed 106416K, reserved 1142784K
  class space    used 13478K, capacity 14004K, committed 14080K, reserved 1048576K
}
Event: 6584.353 GC heap after
{Heap after GC invocations=165 (full 0):
 garbage-first heap   total 252928K, used 109779K [0x0000000083000000, 0x0000000100000000)
  region size 1024K, 1 young (1024K), 1 survivors (1024K)
 Metaspace       used 104639K, capacity 106186K, committed 106416K, reserved 1142784K
  class space    used 13478K, capacity 14004K, committed 14080K, reserved 1048576K
}
Event: 6724.122 GC heap before
{Heap before GC invocations=165 (full 0):
 garbage-first heap   total 252928K, used 225491K [0x0000000083000000, 0x0000000100000000)
  region size 1024K, 114 young (116736K), 1 survivors (1024K)
 Metaspace       used 104639K, capacity 106186K, committed 106416K, reserved 1142784K
  class space    used 13478K, capacity 14004K, committed 14080K, reserved 1048576K
}
Event: 6724.302 GC heap after
{Heap after GC invocations=166 (full 0):
 garbage-first heap   total 252928K, used 109770K [0x0000000083000000, 0x0000000100000000)
  region size 1024K, 1 young (1024K), 1 survivors (1024K)
 Metaspace       used 104639K, capacity 106186K, committed 106416K, reserved 1142784K
  class space    used 13478K, capacity 14004K, committed 14080K, reserved 1048576K
}
Event: 6893.026 GC heap before
{Heap before GC invocations=166 (full 0):
 garbage-first heap   total 252928K, used 225482K [0x0000000083000000, 0x0000000100000000)
  region size 1024K, 114 young (116736K), 1 survivors (1024K)
 Metaspace       used 104639K, capacity 106186K, committed 106416K, reserved 1142784K
  class space    used 13478K, capacity 14004K, committed 14080K, reserved 1048576K
}
Event: 6919.432 GC heap after
{Heap after GC invocations=167 (full 0):
 garbage-first heap   total 252928K, used 109731K [0x0000000083000000, 0x0000000100000000)
  region size 1024K, 1 young (1024K), 1 survivors (1024K)
 Metaspace       used 104639K, capacity 106186K, committed 106416K, reserved 1142784K
  class space    used 13478K, capacity 14004K, committed 14080K, reserved 1048576K
}
Event: 6984.248 GC heap before
{Heap before GC invocations=167 (full 0):
 garbage-first heap   total 252928K, used 120995K [0x0000000083000000, 0x0000000100000000)
  region size 1024K, 12 young (12288K), 1 survivors (1024K)
 Metaspace       used 104639K, capacity 106186K, committed 106416K, reserved 1142784K
  class space    used 13478K, capacity 14004K, committed 14080K, reserved 1048576K
}
Event: 7027.223 GC heap after
{Heap after GC invocations=168 (full 0):
 garbage-first heap   total 252928K, used 109826K [0x0000000083000000, 0x0000000100000000)
  region size 1024K, 1 young (1024K), 1 survivors (1024K)
 Metaspace       used 104639K, capacity 106186K, committed 106416K, reserved 1142784K
  class space    used 13478K, capacity 14004K, committed 14080K, reserved 1048576K
}
Event: 7084.006 GC heap before
{Heap before GC invocations=168 (full 0):
 garbage-first heap   total 252928K, used 121090K [0x0000000083000000, 0x0000000100000000)
  region size 1024K, 12 young (12288K), 1 survivors (1024K)
 Metaspace       used 104640K, capacity 106186K, committed 106416K, reserved 1142784K
  class space    used 13478K, capacity 14004K, committed 14080K, reserved 1048576K
}
Event: 7087.733 GC heap after
{Heap after GC invocations=169 (full 0):
 garbage-first heap   total 252928K, used 109663K [0x0000000083000000, 0x0000000100000000)
  region size 1024K, 1 young (1024K), 1 survivors (1024K)
 Metaspace       used 104640K, capacity 106186K, committed 106416K, reserved 1142784K
  class space    used 13478K, capacity 14004K, committed 14080K, reserved 1048576K
}
Event: 7100.806 GC heap before
{Heap before GC invocations=169 (full 0):
 garbage-first heap   total 252928K, used 120927K [0x0000000083000000, 0x0000000100000000)
  region size 1024K, 12 young (12288K), 1 survivors (1024K)
 Metaspace       used 104640K, capacity 106186K, committed 106416K, reserved 1142784K
  class space    used 13478K, capacity 14004K, committed 14080K, reserved 1048576K
}
Event: 7101.906 GC heap after
{Heap after GC invocations=170 (full 0):
 garbage-first heap   total 252928K, used 109704K [0x0000000083000000, 0x0000000100000000)
  region size 1024K, 1 young (1024K), 1 survivors (1024K)
 Metaspace       used 104640K, capacity 106186K, committed 106416K, reserved 1142784K
  class space    used 13478K, capacity 14004K, committed 14080K, reserved 1048576K
}
Event: 7117.151 GC heap before
{Heap before GC invocations=170 (full 0):
 garbage-first heap   total 252928K, used 120968K [0x0000000083000000, 0x0000000100000000)
  region size 1024K, 12 young (12288K), 1 survivors (1024K)
 Metaspace       used 104640K, capacity 106186K, committed 106416K, reserved 1142784K
  class space    used 13478K, capacity 14004K, committed 14080K, reserved 1048576K
}
Event: 7120.742 GC heap after
{Heap after GC invocations=171 (full 0):
 garbage-first heap   total 252928K, used 109844K [0x0000000083000000, 0x0000000100000000)
  region size 1024K, 1 young (1024K), 1 survivors (1024K)
 Metaspace       used 104640K, capacity 106186K, committed 106416K, reserved 1142784K
  class space    used 13478K, capacity 14004K, committed 14080K, reserved 1048576K
}
Event: 7174.869 GC heap before
{Heap before GC invocations=171 (full 0):
 garbage-first heap   total 252928K, used 121108K [0x0000000083000000, 0x0000000100000000)
  region size 1024K, 12 young (12288K), 1 survivors (1024K)
 Metaspace       used 104640K, capacity 106186K, committed 106416K, reserved 1142784K
  class space    used 13478K, capacity 14004K, committed 14080K, reserved 1048576K
}

